# JRE version: Java(TM) SE Runtime Environment 18.9 (11.0.13+10) (build 11.0.13+10-LTS-370)
# Java VM: Java HotSpot(TM) 64-Bit Server VM 18.9 (11.0.13+10-LTS-370, mixed mode, tiered, compressed oops, g1 gc, windows-amd64)
Heap:
 garbage-first heap   total 481280K, used 458275K [0x00000000e0000000, 0x0000000100000000)
  region size 1024K, 61 young (62464K), 16 survivors (16384K)
 Metaspace       used 151922K, capacity 157316K, committed 157440K, reserved 393216K
  class space    used 18198K, capacity 19956K, committed 19968K, reserved 253952K
GC Heap History (10 events):
Event: 6023.207 GC heap after
{Heap after GC invocations=250 (full 0):
 garbage-first heap   total 427008K, used 221974K [0x00000000e0000000, 0x0000000100000000)
  region size 1024K, 2 young (2048K), 2 survivors (2048K)
 Metaspace       used 150694K, capacity 156086K, committed 156288K, reserved 391168K
  class space    used 18050K, capacity 19771K, committed 19840K, reserved 253952K
}
Event: 6023.375 GC heap before
{Heap before GC invocations=250 (full 0):
 garbage-first heap   total 427008K, used 256790K [0x00000000e0000000, 0x0000000100000000)
  region size 1024K, 37 young (37888K), 2 survivors (2048K)
 Metaspace       used 150698K, capacity 156086K, committed 156288K, reserved 391168K
  class space    used 18050K, capacity 19771K, committed 19840K, reserved 253952K
}
Event: 6023.389 GC heap after
{Heap after GC invocations=251 (full 0):
 garbage-first heap   total 427008K, used 224932K [0x00000000e0000000, 0x0000000100000000)
  region size 1024K, 5 young (5120K), 5 survivors (5120K)
 Metaspace       used 150698K, capacity 156086K, committed 156288K, reserved 391168K
  class space    used 18050K, capacity 19771K, committed 19840K, reserved 253952K
}
Event: 6024.409 GC heap before
{Heap before GC invocations=252 (full 0):
 garbage-first heap   total 427008K, used 325284K [0x00000000e0000000, 0x0000000100000000)
  region size 1024K, 100 young (102400K), 5 survivors (5120K)
 Metaspace       used 150903K, capacity 156256K, committed 156544K, reserved 391168K
  class space    used 18068K, capacity 19778K, committed 19840K, reserved 253952K
}
Event: 6024.426 GC heap after
{Heap after GC invocations=253 (full 0):
 garbage-first heap   total 427008K, used 223882K [0x00000000e0000000, 0x0000000100000000)
  region size 1024K, 7 young (7168K), 7 survivors (7168K)
 Metaspace       used 150903K, capacity 156256K, committed 156544K, reserved 391168K
  class space    used 18068K, capacity 19778K, committed 19840K, reserved 253952K
}
Event: 6024.723 GC heap before
{Heap before GC invocations=253 (full 0):
 garbage-first heap   total 427008K, used 237194K [0x00000000e0000000, 0x0000000100000000)
  region size 1024K, 20 young (20480K), 7 survivors (7168K)
 Metaspace       used 150911K, capacity 156256K, committed 156544K, reserved 391168K
  class space    used 18068K, capacity 19778K, committed 19840K, reserved 253952K
}
Event: 6024.745 GC heap after
{Heap after GC invocations=254 (full 0):
 garbage-first heap   total 427008K, used 205386K [0x00000000e0000000, 0x0000000100000000)
  region size 1024K, 3 young (3072K), 3 survivors (3072K)
 Metaspace       used 150911K, capacity 156256K, committed 156544K, reserved 391168K
  class space    used 18068K, capacity 19778K, committed 19840K, reserved 253952K
}
Event: 6038.431 GC heap before
{Heap before GC invocations=254 (full 0):
 garbage-first heap   total 427008K, used 310858K [0x00000000e0000000, 0x0000000100000000)
  region size 1024K, 108 young (110592K), 3 survivors (3072K)
 Metaspace       used 151889K, capacity 157318K, committed 157440K, reserved 393216K
  class space    used 18194K, capacity 19954K, committed 19968K, reserved 253952K
}
Event: 6038.446 GC heap after
{Heap after GC invocations=255 (full 0):
 garbage-first heap   total 427008K, used 208443K [0x00000000e0000000, 0x0000000100000000)
  region size 1024K, 6 young (6144K), 6 survivors (6144K)
 Metaspace       used 151889K, capacity 157318K, committed 157440K, reserved 393216K
  class space    used 18194K, capacity 19954K, committed 19968K, reserved 253952K
}
Event: 6039.580 GC heap before
{Heap before GC invocations=256 (full 0):
 garbage-first heap   total 458752K, used 457275K [0x00000000e0000000, 0x0000000100000000)
  region size 1024K, 51 young (52224K), 6 survivors (6144K)
 Metaspace       used 151922K, capacity 157316K, committed 157440K, reserved 393216K
  class space    used 18198K, capacity 19956K, committed 19968K, reserved 253952K
}

